<?xml version="1.0" encoding="UTF-8"?>
<testng-results skipped="0" failed="0" total="1" passed="1">
  <reporter-output>
  </reporter-output>
  <suite name="Default suite" duration-ms="12728" started-at="2019-08-06T09:41:31Z" finished-at="2019-08-06T09:41:44Z">
    <groups>
    </groups>
    <test name="Default test" duration-ms="12728" started-at="2019-08-06T09:41:31Z" finished-at="2019-08-06T09:41:44Z">
      <class name="newHome.TestCases.HomePageTest">
        <test-method status="PASS" signature="openBrowser()[pri:0, instance:newHome.TestCases.HomePageTest@5dfcfece]" name="openBrowser" duration-ms="12709" started-at="2019-08-06T15:11:31Z" finished-at="2019-08-06T15:11:44Z">
          <reporter-output>
          </reporter-output>
        </test-method> <!-- openBrowser -->
      </class> <!-- newHome.TestCases.HomePageTest -->
    </test> <!-- Default test -->
  </suite> <!-- Default suite -->
</testng-results>
